{"uuid":"3eae368c-ee2a-4b49-a142-21b32d4b1d5e","historyId":"15f86fd21915e808e402f5e43591618b","testCaseId":"64ce64fa2d1aa6b8637d3f859cf9954","fullName":"src/test/resources/features/register.feature:11","labels":[{"name":"tag","value":"Register"},{"name":"tag","value":"happy"},{"name":"host","value":"txbofurquidi2"},{"name":"thread","value":"3996@txbofurquidi2.main(1)"},{"name":"feature","value":"Register Feature"},{"name":"story","value":"I register on the website with valid data"},{"name":"suite","value":"Register Feature"},{"name":"testClass","value":"I register on the website with valid data"},{"name":"framework","value":"cucumber4jvm"},{"name":"language","value":"java"},{"name":"gherkin_uri","value":"file:///C:/Users/fabiola.urquidi/Documents/FABY/AUTOMATION/CUCUMBER/Proyecto-JuiceShop/src/test/resources/features/register.feature"},{"name":"package","value":"src.test.resources.features.register_feature.Register Feature"}],"links":[],"name":"I register on the website with valid data","status":"broken","statusDetails":{"known":false,"muted":false,"flaky":false,"message":"element click intercepted: Element <a _ngcontent-wdk-c48=\"\" routerlink=\"/register\" translate=\"\" class=\"primary-link\" href=\"#/register\">...</a> is not clickable at point (767, 623). Other element would receive the click: <snack-bar-container class=\"mat-snack-bar-container ng-tns-c9-8 ng-trigger ng-trigger-state mat-snack-bar-center ng-star-inserted\" style=\"transform: scale(1); opacity: 1;\">...</snack-bar-container>\n  (Session info: chrome=131.0.6778.205)\nBuild info: version: '4.27.0', revision: 'd6e718d134'\nSystem info: os.name: 'Windows 10', os.arch: 'amd64', os.version: '10.0', java.version: '17.0.13'\nDriver info: org.openqa.selenium.chrome.ChromeDriver\nCommand: [585e727b4558c478325c06d1a86beb28, clickElement {id=f.B1FA8EDD87EF61DAB811D2AD60DFA8AE.d.04AE7FF281F4D1CE05E236F573467B81.e.39}]\nCapabilities {acceptInsecureCerts: false, browserName: chrome, browserVersion: 131.0.6778.205, chrome: {chromedriverVersion: 131.0.6778.204 (52183f9e99a..., userDataDir: C:\\Users\\fabiola.urquidi\\Ap...}, fedcm:accounts: true, goog:chromeOptions: {debuggerAddress: localhost:53938}, networkConnectionEnabled: false, pageLoadStrategy: normal, platformName: windows, proxy: Proxy(), se:cdp: ws://localhost:53938/devtoo..., se:cdpVersion: 131.0.6778.205, setWindowRect: true, strictFileInteractability: false, timeouts: {implicit: 0, pageLoad: 300000, script: 30000}, unhandledPromptBehavior: dismiss and notify, webauthn:extension:credBlob: true, webauthn:extension:largeBlob: true, webauthn:extension:minPinLength: true, webauthn:extension:prf: true, webauthn:virtualAuthenticators: true}\nElement: [[ChromeDriver: chrome on windows (585e727b4558c478325c06d1a86beb28)] -> link text: Not yet a customer?]\nSession ID: 585e727b4558c478325c06d1a86beb28","trace":"org.openqa.selenium.ElementClickInterceptedException: element click intercepted: Element <a _ngcontent-wdk-c48=\"\" routerlink=\"/register\" translate=\"\" class=\"primary-link\" href=\"#/register\">...</a> is not clickable at point (767, 623). Other element would receive the click: <snack-bar-container class=\"mat-snack-bar-container ng-tns-c9-8 ng-trigger ng-trigger-state mat-snack-bar-center ng-star-inserted\" style=\"transform: scale(1); opacity: 1;\">...</snack-bar-container>\n  (Session info: chrome=131.0.6778.205)\nBuild info: version: '4.27.0', revision: 'd6e718d134'\nSystem info: os.name: 'Windows 10', os.arch: 'amd64', os.version: '10.0', java.version: '17.0.13'\nDriver info: org.openqa.selenium.chrome.ChromeDriver\nCommand: [585e727b4558c478325c06d1a86beb28, clickElement {id=f.B1FA8EDD87EF61DAB811D2AD60DFA8AE.d.04AE7FF281F4D1CE05E236F573467B81.e.39}]\nCapabilities {acceptInsecureCerts: false, browserName: chrome, browserVersion: 131.0.6778.205, chrome: {chromedriverVersion: 131.0.6778.204 (52183f9e99a..., userDataDir: C:\\Users\\fabiola.urquidi\\Ap...}, fedcm:accounts: true, goog:chromeOptions: {debuggerAddress: localhost:53938}, networkConnectionEnabled: false, pageLoadStrategy: normal, platformName: windows, proxy: Proxy(), se:cdp: ws://localhost:53938/devtoo..., se:cdpVersion: 131.0.6778.205, setWindowRect: true, strictFileInteractability: false, timeouts: {implicit: 0, pageLoad: 300000, script: 30000}, unhandledPromptBehavior: dismiss and notify, webauthn:extension:credBlob: true, webauthn:extension:largeBlob: true, webauthn:extension:minPinLength: true, webauthn:extension:prf: true, webauthn:virtualAuthenticators: true}\nElement: [[ChromeDriver: chrome on windows (585e727b4558c478325c06d1a86beb28)] -> link text: Not yet a customer?]\nSession ID: 585e727b4558c478325c06d1a86beb28\r\n\tat java.base/jdk.internal.reflect.NativeConstructorAccessorImpl.newInstance0(Native Method)\r\n\tat java.base/jdk.internal.reflect.NativeConstructorAccessorImpl.newInstance(NativeConstructorAccessorImpl.java:77)\r\n\tat java.base/jdk.internal.reflect.DelegatingConstructorAccessorImpl.newInstance(DelegatingConstructorAccessorImpl.java:45)\r\n\tat java.base/java.lang.reflect.Constructor.newInstanceWithCaller(Constructor.java:500)\r\n\tat java.base/java.lang.reflect.Constructor.newInstance(Constructor.java:481)\r\n\tat org.openqa.selenium.remote.ErrorCodec.decode(ErrorCodec.java:167)\r\n\tat org.openqa.selenium.remote.codec.w3c.W3CHttpResponseCodec.decode(W3CHttpResponseCodec.java:138)\r\n\tat org.openqa.selenium.remote.codec.w3c.W3CHttpResponseCodec.decode(W3CHttpResponseCodec.java:50)\r\n\tat org.openqa.selenium.remote.HttpCommandExecutor.execute(HttpCommandExecutor.java:190)\r\n\tat org.openqa.selenium.remote.service.DriverCommandExecutor.invokeExecute(DriverCommandExecutor.java:216)\r\n\tat org.openqa.selenium.remote.service.DriverCommandExecutor.execute(DriverCommandExecutor.java:174)\r\n\tat org.openqa.selenium.remote.RemoteWebDriver.execute(RemoteWebDriver.java:545)\r\n\tat org.openqa.selenium.remote.RemoteWebElement.execute(RemoteWebElement.java:223)\r\n\tat org.openqa.selenium.remote.RemoteWebElement.click(RemoteWebElement.java:76)\r\n\tat java.base/jdk.internal.reflect.NativeMethodAccessorImpl.invoke0(Native Method)\r\n\tat java.base/jdk.internal.reflect.NativeMethodAccessorImpl.invoke(NativeMethodAccessorImpl.java:77)\r\n\tat java.base/jdk.internal.reflect.DelegatingMethodAccessorImpl.invoke(DelegatingMethodAccessorImpl.java:43)\r\n\tat java.base/java.lang.reflect.Method.invoke(Method.java:569)\r\n\tat org.openqa.selenium.support.pagefactory.internal.LocatingElementHandler.invoke(LocatingElementHandler.java:51)\r\n\tat jdk.proxy2/jdk.proxy2.$Proxy29.click(Unknown Source)\r\n\tat com.store.factory.LoginPage.newCustomerClick(LoginPage.java:65)\r\n\tat com.store.stepDefinitions.RegisterSteps.user_is_in_the_registration_page(RegisterSteps.java:16)\r\n\tat ✽.User is in the registration page(file:///C:/Users/fabiola.urquidi/Documents/FABY/AUTOMATION/CUCUMBER/Proyecto-JuiceShop/src/test/resources/features/register.feature:6)\r\n"},"stage":"finished","steps":[{"name":"Given User is in the registration page","status":"broken","statusDetails":{"known":false,"muted":false,"flaky":false,"message":"element click intercepted: Element <a _ngcontent-wdk-c48=\"\" routerlink=\"/register\" translate=\"\" class=\"primary-link\" href=\"#/register\">...</a> is not clickable at point (767, 623). Other element would receive the click: <snack-bar-container class=\"mat-snack-bar-container ng-tns-c9-8 ng-trigger ng-trigger-state mat-snack-bar-center ng-star-inserted\" style=\"transform: scale(1); opacity: 1;\">...</snack-bar-container>\n  (Session info: chrome=131.0.6778.205)\nBuild info: version: '4.27.0', revision: 'd6e718d134'\nSystem info: os.name: 'Windows 10', os.arch: 'amd64', os.version: '10.0', java.version: '17.0.13'\nDriver info: org.openqa.selenium.chrome.ChromeDriver\nCommand: [585e727b4558c478325c06d1a86beb28, clickElement {id=f.B1FA8EDD87EF61DAB811D2AD60DFA8AE.d.04AE7FF281F4D1CE05E236F573467B81.e.39}]\nCapabilities {acceptInsecureCerts: false, browserName: chrome, browserVersion: 131.0.6778.205, chrome: {chromedriverVersion: 131.0.6778.204 (52183f9e99a..., userDataDir: C:\\Users\\fabiola.urquidi\\Ap...}, fedcm:accounts: true, goog:chromeOptions: {debuggerAddress: localhost:53938}, networkConnectionEnabled: false, pageLoadStrategy: normal, platformName: windows, proxy: Proxy(), se:cdp: ws://localhost:53938/devtoo..., se:cdpVersion: 131.0.6778.205, setWindowRect: true, strictFileInteractability: false, timeouts: {implicit: 0, pageLoad: 300000, script: 30000}, unhandledPromptBehavior: dismiss and notify, webauthn:extension:credBlob: true, webauthn:extension:largeBlob: true, webauthn:extension:minPinLength: true, webauthn:extension:prf: true, webauthn:virtualAuthenticators: true}\nElement: [[ChromeDriver: chrome on windows (585e727b4558c478325c06d1a86beb28)] -> link text: Not yet a customer?]\nSession ID: 585e727b4558c478325c06d1a86beb28","trace":"org.openqa.selenium.ElementClickInterceptedException: element click intercepted: Element <a _ngcontent-wdk-c48=\"\" routerlink=\"/register\" translate=\"\" class=\"primary-link\" href=\"#/register\">...</a> is not clickable at point (767, 623). Other element would receive the click: <snack-bar-container class=\"mat-snack-bar-container ng-tns-c9-8 ng-trigger ng-trigger-state mat-snack-bar-center ng-star-inserted\" style=\"transform: scale(1); opacity: 1;\">...</snack-bar-container>\n  (Session info: chrome=131.0.6778.205)\nBuild info: version: '4.27.0', revision: 'd6e718d134'\nSystem info: os.name: 'Windows 10', os.arch: 'amd64', os.version: '10.0', java.version: '17.0.13'\nDriver info: org.openqa.selenium.chrome.ChromeDriver\nCommand: [585e727b4558c478325c06d1a86beb28, clickElement {id=f.B1FA8EDD87EF61DAB811D2AD60DFA8AE.d.04AE7FF281F4D1CE05E236F573467B81.e.39}]\nCapabilities {acceptInsecureCerts: false, browserName: chrome, browserVersion: 131.0.6778.205, chrome: {chromedriverVersion: 131.0.6778.204 (52183f9e99a..., userDataDir: C:\\Users\\fabiola.urquidi\\Ap...}, fedcm:accounts: true, goog:chromeOptions: {debuggerAddress: localhost:53938}, networkConnectionEnabled: false, pageLoadStrategy: normal, platformName: windows, proxy: Proxy(), se:cdp: ws://localhost:53938/devtoo..., se:cdpVersion: 131.0.6778.205, setWindowRect: true, strictFileInteractability: false, timeouts: {implicit: 0, pageLoad: 300000, script: 30000}, unhandledPromptBehavior: dismiss and notify, webauthn:extension:credBlob: true, webauthn:extension:largeBlob: true, webauthn:extension:minPinLength: true, webauthn:extension:prf: true, webauthn:virtualAuthenticators: true}\nElement: [[ChromeDriver: chrome on windows (585e727b4558c478325c06d1a86beb28)] -> link text: Not yet a customer?]\nSession ID: 585e727b4558c478325c06d1a86beb28\r\n\tat java.base/jdk.internal.reflect.NativeConstructorAccessorImpl.newInstance0(Native Method)\r\n\tat java.base/jdk.internal.reflect.NativeConstructorAccessorImpl.newInstance(NativeConstructorAccessorImpl.java:77)\r\n\tat java.base/jdk.internal.reflect.DelegatingConstructorAccessorImpl.newInstance(DelegatingConstructorAccessorImpl.java:45)\r\n\tat java.base/java.lang.reflect.Constructor.newInstanceWithCaller(Constructor.java:500)\r\n\tat java.base/java.lang.reflect.Constructor.newInstance(Constructor.java:481)\r\n\tat org.openqa.selenium.remote.ErrorCodec.decode(ErrorCodec.java:167)\r\n\tat org.openqa.selenium.remote.codec.w3c.W3CHttpResponseCodec.decode(W3CHttpResponseCodec.java:138)\r\n\tat org.openqa.selenium.remote.codec.w3c.W3CHttpResponseCodec.decode(W3CHttpResponseCodec.java:50)\r\n\tat org.openqa.selenium.remote.HttpCommandExecutor.execute(HttpCommandExecutor.java:190)\r\n\tat org.openqa.selenium.remote.service.DriverCommandExecutor.invokeExecute(DriverCommandExecutor.java:216)\r\n\tat org.openqa.selenium.remote.service.DriverCommandExecutor.execute(DriverCommandExecutor.java:174)\r\n\tat org.openqa.selenium.remote.RemoteWebDriver.execute(RemoteWebDriver.java:545)\r\n\tat org.openqa.selenium.remote.RemoteWebElement.execute(RemoteWebElement.java:223)\r\n\tat org.openqa.selenium.remote.RemoteWebElement.click(RemoteWebElement.java:76)\r\n\tat java.base/jdk.internal.reflect.NativeMethodAccessorImpl.invoke0(Native Method)\r\n\tat java.base/jdk.internal.reflect.NativeMethodAccessorImpl.invoke(NativeMethodAccessorImpl.java:77)\r\n\tat java.base/jdk.internal.reflect.DelegatingMethodAccessorImpl.invoke(DelegatingMethodAccessorImpl.java:43)\r\n\tat java.base/java.lang.reflect.Method.invoke(Method.java:569)\r\n\tat org.openqa.selenium.support.pagefactory.internal.LocatingElementHandler.invoke(LocatingElementHandler.java:51)\r\n\tat jdk.proxy2/jdk.proxy2.$Proxy29.click(Unknown Source)\r\n\tat com.store.factory.LoginPage.newCustomerClick(LoginPage.java:65)\r\n\tat com.store.stepDefinitions.RegisterSteps.user_is_in_the_registration_page(RegisterSteps.java:16)\r\n\tat ✽.User is in the registration page(file:///C:/Users/fabiola.urquidi/Documents/FABY/AUTOMATION/CUCUMBER/Proyecto-JuiceShop/src/test/resources/features/register.feature:6)\r\n"},"stage":"finished","steps":[],"attachments":[],"parameters":[],"start":1734841552472,"stop":1734841555205},{"name":"When User tries to register with \"user@example.com\", \"Pass123\", \"Pass123\", \"¿Your eldest siblings middle name?\" and \"Silvia\"","status":"skipped","statusDetails":{"known":false,"muted":false,"flaky":false},"stage":"finished","steps":[],"attachments":[],"parameters":[],"start":1734841555211,"stop":1734841555212},{"name":"Then User verifies successful registration message","status":"skipped","statusDetails":{"known":false,"muted":false,"flaky":false},"stage":"finished","steps":[],"attachments":[],"parameters":[],"start":1734841555213,"stop":1734841555214}],"attachments":[],"parameters":[{"name":"email","value":"user@example.com"},{"name":"password","value":"Pass123"},{"name":"repeatPassword","value":"Pass123"},{"name":"securityQuestion","value":"¿Your eldest siblings middle name?"},{"name":"answer","value":"Silvia"}],"start":1734841550158,"stop":1734841555512}